0 info it worked if it ends with ok
1 verbose cli [ '/Users/opsadmin/.nvm/versions/node/v4.3.2/bin/node',
1 verbose cli   '/Users/opsadmin/.nvm/versions/node/v4.3.2/bin/npm',
1 verbose cli   'install',
1 verbose cli   '-g',
1 verbose cli   'heroku-cli' ]
2 info using npm@2.14.12
3 info using node@v4.3.2
4 verbose install initial load of /Users/opsadmin/.nvm/versions/node/v4.3.2/lib/package.json
5 verbose readDependencies loading dependencies from /Users/opsadmin/.nvm/versions/node/v4.3.2/lib/package.json
6 silly cache add args [ 'heroku-cli', null ]
7 verbose cache add spec heroku-cli
8 silly cache add parsed spec Result {
8 silly cache add   raw: 'heroku-cli',
8 silly cache add   scope: null,
8 silly cache add   name: 'heroku-cli',
8 silly cache add   rawSpec: '',
8 silly cache add   spec: 'latest',
8 silly cache add   type: 'tag' }
9 silly addNamed heroku-cli@latest
10 verbose addNamed "latest" is being treated as a dist-tag for heroku-cli
11 info addNameTag [ 'heroku-cli', 'latest' ]
12 silly mapToRegistry name heroku-cli
13 silly mapToRegistry using default registry
14 silly mapToRegistry registry https://registry.npmjs.org/
15 silly mapToRegistry uri https://registry.npmjs.org/heroku-cli
16 verbose addNameTag registry:https://registry.npmjs.org/heroku-cli not in flight; fetching
17 verbose request uri https://registry.npmjs.org/heroku-cli
18 verbose request no auth needed
19 info attempt registry request try #1 at 10:22:19 AM
20 verbose request id a13fea7830746568
21 verbose etag W/"599da6c4-43196"
22 verbose lastModified Wed, 23 Aug 2017 16:01:08 GMT
23 http request GET https://registry.npmjs.org/heroku-cli
24 http 304 https://registry.npmjs.org/heroku-cli
25 verbose headers { date: 'Sun, 27 Aug 2017 15:22:19 GMT',
25 verbose headers   via: '1.1 varnish',
25 verbose headers   'cache-control': 'max-age=300',
25 verbose headers   etag: 'W/"599da6c4-43196"',
25 verbose headers   age: '0',
25 verbose headers   connection: 'keep-alive',
25 verbose headers   'x-served-by': 'cache-dfw1847-DFW',
25 verbose headers   'x-cache': 'MISS',
25 verbose headers   'x-cache-hits': '0',
25 verbose headers   'x-timer': 'S1503847339.074432,VS0,VE202',
25 verbose headers   vary: 'Accept-Encoding, Accept' }
26 silly get cb [ 304,
26 silly get   { date: 'Sun, 27 Aug 2017 15:22:19 GMT',
26 silly get     via: '1.1 varnish',
26 silly get     'cache-control': 'max-age=300',
26 silly get     etag: 'W/"599da6c4-43196"',
26 silly get     age: '0',
26 silly get     connection: 'keep-alive',
26 silly get     'x-served-by': 'cache-dfw1847-DFW',
26 silly get     'x-cache': 'MISS',
26 silly get     'x-cache-hits': '0',
26 silly get     'x-timer': 'S1503847339.074432,VS0,VE202',
26 silly get     vary: 'Accept-Encoding, Accept' } ]
27 verbose etag https://registry.npmjs.org/heroku-cli from cache
28 verbose get saving heroku-cli to /Users/opsadmin/.npm/registry.npmjs.org/heroku-cli/.cache.json
29 silly addNameTag next cb for heroku-cli with tag latest
30 verbose stack Error: No compatible version found: heroku-cli@'latest'
30 verbose stack Valid install targets:
30 verbose stack ["6.0.0","6.0.1","6.0.2","6.0.7","6.1.4","6.1.5","6.1.6","6.1.7","6.2.0","6.2.1","6.3.0","6.3.1","6.4.0","6.4.1","6.5.0","6.5.1","6.5.2","6.5.3","6.5.4","6.5.5","6.6.0","6.6.2","6.6.5","6.6.7","6.6.8","6.6.9","6.6.10","6.6.11","6.6.12","6.6.13","6.6.14","6.6.15","6.6.16","6.6.17","6.6.18","6.6.19","6.7.0","6.7.1","6.7.2","6.7.3","6.7.4","6.8.0","6.8.1","6.8.2","6.8.3","6.8.4","6.8.5","6.9.0","6.9.1","6.9.2","6.9.3","6.9.4","6.9.5","6.9.6","6.9.7","6.10.0","6.10.1","6.10.2"]
30 verbose stack
30 verbose stack     at installTargetsError (/Users/opsadmin/.nvm/versions/node/v4.3.2/lib/node_modules/npm/lib/cache/add-named.js:284:12)
30 verbose stack     at next (/Users/opsadmin/.nvm/versions/node/v4.3.2/lib/node_modules/npm/lib/cache/add-named.js:94:10)
30 verbose stack     at RES (/Users/opsadmin/.nvm/versions/node/v4.3.2/lib/node_modules/npm/node_modules/inflight/inflight.js:23:14)
30 verbose stack     at f (/Users/opsadmin/.nvm/versions/node/v4.3.2/lib/node_modules/npm/node_modules/once/once.js:17:25)
30 verbose stack     at fixName (/Users/opsadmin/.nvm/versions/node/v4.3.2/lib/node_modules/npm/lib/cache/add-named.js:29:5)
30 verbose stack     at saved (/Users/opsadmin/.nvm/versions/node/v4.3.2/lib/node_modules/npm/lib/cache/caching-client.js:173:7)
30 verbose stack     at /Users/opsadmin/.nvm/versions/node/v4.3.2/lib/node_modules/npm/node_modules/graceful-fs/polyfills.js:210:7
30 verbose stack     at FSReqWrap.oncomplete (fs.js:82:15)
31 verbose cwd /Users/opsadmin/Desktop/spot-dawg
32 error Darwin 15.6.0
33 error argv "/Users/opsadmin/.nvm/versions/node/v4.3.2/bin/node" "/Users/opsadmin/.nvm/versions/node/v4.3.2/bin/npm" "install" "-g" "heroku-cli"
34 error node v4.3.2
35 error npm  v2.14.12
36 error code ETARGET
37 error notarget No compatible version found: heroku-cli@'latest'
37 error notarget Valid install targets:
37 error notarget ["6.0.0","6.0.1","6.0.2","6.0.7","6.1.4","6.1.5","6.1.6","6.1.7","6.2.0","6.2.1","6.3.0","6.3.1","6.4.0","6.4.1","6.5.0","6.5.1","6.5.2","6.5.3","6.5.4","6.5.5","6.6.0","6.6.2","6.6.5","6.6.7","6.6.8","6.6.9","6.6.10","6.6.11","6.6.12","6.6.13","6.6.14","6.6.15","6.6.16","6.6.17","6.6.18","6.6.19","6.7.0","6.7.1","6.7.2","6.7.3","6.7.4","6.8.0","6.8.1","6.8.2","6.8.3","6.8.4","6.8.5","6.9.0","6.9.1","6.9.2","6.9.3","6.9.4","6.9.5","6.9.6","6.9.7","6.10.0","6.10.1","6.10.2"]
37 error notarget
37 error notarget This is most likely not a problem with npm itself.
37 error notarget In most cases you or one of your dependencies are requesting
37 error notarget a package version that doesn't exist.
38 verbose exit [ 1, true ]
